Drill report for Placa_base.kicad_pcb
Created on Fri 20 Jan 2023 19:14:16 -03

Copper Layer Stackup:
    =============================================================
    L1 :  F.Cu                      front
    L2 :  B.Cu                      back


Drill file 'Placa_base-PTH.drl' contains
    plated through holes:
    =============================================================
    T1  0.700mm  0.0276"  (23 holes)
    T2  0.710mm  0.0280"  (2 holes)
    T3  0.800mm  0.0315"  (40 holes)
    T4  0.900mm  0.0354"  (2 holes)
    T5  1.000mm  0.0394"  (103 holes)  (with 3 slots)
    T6  1.100mm  0.0433"  (20 holes)
    T7  1.300mm  0.0512"  (2 holes)
    T8  1.400mm  0.0551"  (2 holes)

    Total plated holes count 194


Drill file 'Placa_base-NPTH.drl' contains
    unplated through holes:
    =============================================================
    T1  3.200mm  0.1260"  (4 holes)

    Total unplated holes count 4
