## Footprint report - date Fri 20 Jan 2023 19:22:22 -03
## Created by KiCad version 7.0.0-rc1-unknown-098b03e17a~164~ubuntu22.04.1
## Unit = mm, Angle = deg.

$BeginDESCRIPTION

$BOARD
upper_left_corner 26.001428 37.000000
lower_right_corner 235.892263 187.440000
$EndBOARD

$MODULE A1
footprint Module:Arduino_Nano
attribut none
position 156.480000 75.000000  orientation -90.00
layer front
$PAD "1"
Shape Rect Layer both
position  0.000000  0.000000  size  2.000000  2.000000  orientation 360.00
drill  1.000000
shape_offset  0.000000  0.000000
$EndPAD
$PAD "2"
Shape Circle Layer both
position  0.000000  2.540000  size  2.000000  2.000000  orientation 360.00
drill  1.000000
shape_offset  0.000000  0.000000
$EndPAD
$PAD "3"
Shape Circle Layer both
position  0.000000  5.080000  size  2.000000  2.000000  orientation 360.00
drill  1.000000
shape_offset  0.000000  0.000000
$EndPAD
$PAD "4"
Shape Circle Layer both
position  0.000000  7.620000  size  2.000000  2.000000  orientation 360.00
drill  1.000000
shape_offset  0.000000  0.000000
$EndPAD
$PAD "5"
Shape Circle Layer both
position  0.000000 10.160000  size  2.000000  2.000000  orientation 360.00
drill  1.000000
shape_offset  0.000000  0.000000
$EndPAD
$PAD "6"
Shape Circle Layer both
position  0.000000 12.700000  size  2.000000  2.000000  orientation 360.00
drill  1.000000
shape_offset  0.000000  0.000000
$EndPAD
$PAD "7"
Shape Circle Layer both
position  0.000000 15.240000  size  2.000000  2.000000  orientation 360.00
drill  1.000000
shape_offset  0.000000  0.000000
$EndPAD
$PAD "8"
Shape Circle Layer both
position  0.000000 17.780000  size  2.000000  2.000000  orientation 360.00
drill  1.000000
shape_offset  0.000000  0.000000
$EndPAD
$PAD "9"
Shape Circle Layer both
position  0.000000 20.320000  size  2.000000  2.000000  orientation 360.00
drill  1.000000
shape_offset  0.000000  0.000000
$EndPAD
$PAD "10"
Shape Oval Layer both
position  0.000000 22.860000  size  2.000000  2.000000  orientation 360.00
drill  1.000000
shape_offset  0.000000  0.000000
$EndPAD
$PAD "11"
Shape Circle Layer both
position  0.000000 25.400000  size  2.000000  2.000000  orientation 360.00
drill  1.000000
shape_offset  0.000000  0.000000
$EndPAD
$PAD "12"
Shape Circle Layer both
position  0.000000 27.940000  size  2.000000  2.000000  orientation 360.00
drill  1.000000
shape_offset  0.000000  0.000000
$EndPAD
$PAD "13"
Shape Circle Layer both
position  0.000000 30.480000  size  2.000000  2.000000  orientation 360.00
drill  1.000000
shape_offset  0.000000  0.000000
$EndPAD
$PAD "14"
Shape Circle Layer both
position  0.000000 33.020000  size  2.000000  2.000000  orientation 360.00
drill  1.000000
shape_offset  0.000000  0.000000
$EndPAD
$PAD "15"
Shape Circle Layer both
position  0.000000 35.560000  size  2.000000  2.000000  orientation 360.00
drill  1.000000
shape_offset  0.000000  0.000000
$EndPAD
$PAD "16"
Shape Circle Layer both
position 15.240000 35.560000  size  2.000000  2.000000  orientation 360.00
drill  1.000000
shape_offset  0.000000  0.000000
$EndPAD
$PAD "17"
Shape Circle Layer both
position 15.240000 33.020000  size  2.000000  2.000000  orientation 360.00
drill  1.000000
shape_offset  0.000000  0.000000
$EndPAD
$PAD "18"
Shape Circle Layer both
position 15.240000 30.480000  size  2.000000  2.000000  orientation 360.00
drill  1.000000
shape_offset  0.000000  0.000000
$EndPAD
$PAD "19"
Shape Circle Layer both
position 15.240000 27.940000  size  2.000000  2.000000  orientation 360.00
drill  1.000000
shape_offset  0.000000  0.000000
$EndPAD
$PAD "20"
Shape Circle Layer both
position 15.240000 25.400000  size  2.000000  2.000000  orientation 360.00
drill  1.000000
shape_offset  0.000000  0.000000
$EndPAD
$PAD "21"
Shape Circle Layer both
position 15.240000 22.860000  size  2.000000  2.000000  orientation 360.00
drill  1.000000
shape_offset  0.000000  0.000000
$EndPAD
$PAD "22"
Shape Circle Layer both
position 15.240000 20.320000  size  2.000000  2.000000  orientation 360.00
drill  1.000000
shape_offset  0.000000  0.000000
$EndPAD
$PAD "23"
Shape Circle Layer both
position 15.240000 17.780000  size  2.000000  2.000000  orientation 360.00
drill  1.000000
shape_offset  0.000000  0.000000
$EndPAD
$PAD "24"
Shape Circle Layer both
position 15.240000 15.240000  size  2.000000  2.000000  orientation 360.00
drill  1.000000
shape_offset  0.000000  0.000000
$EndPAD
$PAD "25"
Shape Circle Layer both
position 15.240000 12.700000  size  2.000000  2.000000  orientation 360.00
drill  1.000000
shape_offset  0.000000  0.000000
$EndPAD
$PAD "26"
Shape Circle Layer both
position 15.240000 10.160000  size  2.000000  2.000000  orientation 360.00
drill  1.000000
shape_offset  0.000000  0.000000
$EndPAD
$PAD "27"
Shape Circle Layer both
position 15.240000  7.620000  size  2.000000  2.000000  orientation 360.00
drill  1.000000
shape_offset  0.000000  0.000000
$EndPAD
$PAD "28"
Shape Circle Layer both
position 15.240000  5.080000  size  2.000000  2.000000  orientation 360.00
drill  1.000000
shape_offset  0.000000  0.000000
$EndPAD
$PAD "29"
Shape Circle Layer both
position 15.240000  2.540000  size  2.000000  2.000000  orientation 360.00
drill  1.000000
shape_offset  0.000000  0.000000
$EndPAD
$PAD "30"
Shape Circle Layer both
position 15.240000  0.000000  size  2.000000  2.000000  orientation 360.00
drill  1.000000
shape_offset  0.000000  0.000000
$EndPAD
$EndMODULE  A1

$MODULE C1
footprint Capacitor_THT:C_Disc_D7.5mm_W5.0mm_P7.50mm
attribut none
position 205.750000 128.000000  orientation 180.00
layer front
$PAD "1"
Shape Circle Layer both
position  0.000000  0.000000  size  2.000000  2.000000  orientation 0.00
drill  1.000000
shape_offset  0.000000  0.000000
$EndPAD
$PAD "2"
Shape Circle Layer both
position  7.500000  0.000000  size  2.000000  2.000000  orientation 0.00
drill  1.000000
shape_offset  0.000000  0.000000
$EndPAD
$EndMODULE  C1

$MODULE C2
footprint Capacitor_THT:C_Disc_D7.5mm_W5.0mm_P7.50mm
attribut none
position 191.750000 85.000000  orientation 180.00
layer front
$PAD "1"
Shape Circle Layer both
position  0.000000  0.000000  size  2.000000  2.000000  orientation 0.00
drill  1.000000
shape_offset  0.000000  0.000000
$EndPAD
$PAD "2"
Shape Circle Layer both
position  7.500000  0.000000  size  2.000000  2.000000  orientation 0.00
drill  1.000000
shape_offset  0.000000  0.000000
$EndPAD
$EndMODULE  C2

$MODULE C3
footprint Capacitor_THT:C_Disc_D7.5mm_W5.0mm_P7.50mm
attribut none
position 170.000000 126.250000  orientation -90.00
layer front
$PAD "1"
Shape Circle Layer both
position  0.000000  0.000000  size  2.000000  2.000000  orientation 360.00
drill  1.000000
shape_offset  0.000000  0.000000
$EndPAD
$PAD "2"
Shape Circle Layer both
position  7.500000  0.000000  size  2.000000  2.000000  orientation 360.00
drill  1.000000
shape_offset  0.000000  0.000000
$EndPAD
$EndMODULE  C3

$MODULE C4
footprint Capacitor_THT:C_Disc_D7.5mm_W5.0mm_P7.50mm
attribut none
position 184.000000 126.500000  orientation -90.00
layer front
$PAD "1"
Shape Circle Layer both
position  0.000000  0.000000  size  2.000000  2.000000  orientation 360.00
drill  1.000000
shape_offset  0.000000  0.000000
$EndPAD
$PAD "2"
Shape Circle Layer both
position  7.500000  0.000000  size  2.000000  2.000000  orientation 360.00
drill  1.000000
shape_offset  0.000000  0.000000
$EndPAD
$EndMODULE  C4

$MODULE C5
footprint Capacitor_THT:C_Disc_D7.5mm_W5.0mm_P7.50mm
attribut none
position 204.750000 65.000000  orientation 180.00
layer front
$PAD "1"
Shape Circle Layer both
position  0.000000  0.000000  size  2.000000  2.000000  orientation 0.00
drill  1.000000
shape_offset  0.000000  0.000000
$EndPAD
$PAD "2"
Shape Circle Layer both
position  7.500000  0.000000  size  2.000000  2.000000  orientation 0.00
drill  1.000000
shape_offset  0.000000  0.000000
$EndPAD
$EndMODULE  C5

$MODULE C6
footprint Capacitor_THT:CP_Radial_D7.5mm_P2.50mm
attribut none
position 201.000000 53.000000  orientation 180.00
layer front
$PAD "1"
Shape Rect Layer both
position  0.000000  0.000000  size  2.000000  2.000000  orientation 0.00
drill  0.800000
shape_offset  0.000000  0.000000
$EndPAD
$PAD "2"
Shape Circle Layer both
position  2.500000  0.000000  size  2.000000  2.000000  orientation 0.00
drill  0.800000
shape_offset  0.000000  0.000000
$EndPAD
$EndMODULE  C6

$MODULE D1
footprint Diode_THT:D_DO-41_SOD81_P10.16mm_Horizontal
attribut none
position 170.000000 44.000000  orientation 180.00
layer front
$PAD "1"
Shape Rect Layer both
position  0.000000  0.000000  size  2.200000  2.200000  orientation 0.00
drill  1.100000
shape_offset  0.000000  0.000000
$EndPAD
$PAD "2"
Shape Oval Layer both
position 10.160000  0.000000  size  2.200000  2.200000  orientation 0.00
drill  1.100000
shape_offset  0.000000  0.000000
$EndPAD
$EndMODULE  D1

$MODULE D2
footprint Diode_THT:D_DO-41_SOD81_P12.70mm_Horizontal
attribut none
position 184.000000 46.650000  orientation -90.00
layer front
$PAD "1"
Shape Rect Layer both
position  0.000000  0.000000  size  2.200000  2.200000  orientation 360.00
drill  1.100000
shape_offset  0.000000  0.000000
$EndPAD
$PAD "2"
Shape Oval Layer both
position 12.700000  0.000000  size  2.200000  2.200000  orientation 360.00
drill  1.100000
shape_offset  0.000000  0.000000
$EndPAD
$EndMODULE  D2

$MODULE D3
footprint LED_THT:LED_D3.0mm
attribut none
position 209.500000 59.500000  orientation -90.00
layer front
$PAD "1"
Shape Rect Layer both
position  0.000000  0.000000  size  1.800000  1.800000  orientation 360.00
drill  0.900000
shape_offset  0.000000  0.000000
$EndPAD
$PAD "2"
Shape Circle Layer both
position  2.540000  0.000000  size  1.800000  1.800000  orientation 360.00
drill  0.900000
shape_offset  0.000000  0.000000
$EndPAD
$EndMODULE  D3

$MODULE F1
footprint Fuse:Fuse_Bourns_MF-RHT050
attribut none
position 173.950000 43.400000  orientation 0.00
layer front
$PAD "1"
Shape Circle Layer both
position  0.000000  0.000000  size  1.710000  1.710000  orientation 0.00
drill  0.710000
shape_offset  0.000000  0.000000
$EndPAD
$PAD "2"
Shape Circle Layer both
position  5.100000  1.200000  size  1.710000  1.710000  orientation 0.00
drill  0.710000
shape_offset  0.000000  0.000000
$EndPAD
$EndMODULE  F1

$MODULE G***
footprint LOGO
attribut virtual
position 139.000000 107.000000  orientation 0.00
layer front
$EndMODULE  G***

$MODULE G***
footprint LOGO
attribut virtual
position 134.250000 63.750000  orientation 180.00
layer back
$EndMODULE  G***

$MODULE H1
footprint MountingHole:MountingHole_3.2mm_M3
attribut virtual
position 125.000000 110.000000  orientation 0.00
layer front
$PAD ""
Shape Circle Layer both
position  0.000000  0.000000  size  3.200000  3.200000  orientation 0.00
drill  3.200000
shape_offset  0.000000  0.000000
$EndPAD
$EndMODULE  H1

$MODULE H2
footprint MountingHole:MountingHole_3.2mm_M3
attribut virtual
position 210.000000 134.000000  orientation 0.00
layer front
$PAD ""
Shape Circle Layer both
position  0.000000  0.000000  size  3.200000  3.200000  orientation 0.00
drill  3.200000
shape_offset  0.000000  0.000000
$EndPAD
$EndMODULE  H2

$MODULE H3
footprint MountingHole:MountingHole_3.2mm_M3
attribut virtual
position 123.000000 59.000000  orientation 0.00
layer front
$PAD ""
Shape Circle Layer both
position  0.000000  0.000000  size  3.200000  3.200000  orientation 0.00
drill  3.200000
shape_offset  0.000000  0.000000
$EndPAD
$EndMODULE  H3

$MODULE H4
footprint MountingHole:MountingHole_3.2mm_M3
attribut virtual
position 204.500000 45.500000  orientation 0.00
layer front
$PAD ""
Shape Circle Layer both
position  0.000000  0.000000  size  3.200000  3.200000  orientation 0.00
drill  3.200000
shape_offset  0.000000  0.000000
$EndPAD
$EndMODULE  H4

$MODULE J1
footprint Connector_PinSocket_2.54mm:PinSocket_1x16_P2.54mm_Vertical
attribut none
position 169.680000 76.000000  orientation 90.00
layer front
$PAD "1"
Shape Rect Layer both
position  0.000000  0.000000  size  2.000000  2.000000  orientation 0.00
drill  1.000000
shape_offset  0.000000  0.000000
$EndPAD
$PAD "2"
Shape Circle Layer both
position  0.000000  2.540000  size  2.000000  2.000000  orientation 0.00
drill  1.000000
shape_offset  0.000000  0.000000
$EndPAD
$PAD "3"
Shape Circle Layer both
position  0.000000  5.080000  size  2.000000  2.000000  orientation 0.00
drill  1.000000
shape_offset  0.000000  0.000000
$EndPAD
$PAD "4"
Shape Circle Layer both
position  0.000000  7.620000  size  2.000000  2.000000  orientation 0.00
drill  1.000000
shape_offset  0.000000  0.000000
$EndPAD
$PAD "5"
Shape Circle Layer both
position  0.000000 10.160000  size  2.000000  2.000000  orientation 0.00
drill  1.000000
shape_offset  0.000000  0.000000
$EndPAD
$PAD "6"
Shape Circle Layer both
position  0.000000 12.700000  size  2.000000  2.000000  orientation 0.00
drill  1.000000
shape_offset  0.000000  0.000000
$EndPAD
$PAD "7"
Shape Circle Layer both
position  0.000000 15.240000  size  2.000000  2.000000  orientation 0.00
drill  1.000000
shape_offset  0.000000  0.000000
$EndPAD
$PAD "8"
Shape Circle Layer both
position  0.000000 17.780000  size  2.000000  2.000000  orientation 0.00
drill  1.000000
shape_offset  0.000000  0.000000
$EndPAD
$PAD "9"
Shape Circle Layer both
position  0.000000 20.320000  size  2.000000  2.000000  orientation 0.00
drill  1.000000
shape_offset  0.000000  0.000000
$EndPAD
$PAD "10"
Shape Circle Layer both
position  0.000000 22.860000  size  2.000000  2.000000  orientation 0.00
drill  1.000000
shape_offset  0.000000  0.000000
$EndPAD
$PAD "11"
Shape Circle Layer both
position  0.000000 25.400000  size  2.000000  2.000000  orientation 0.00
drill  1.000000
shape_offset  0.000000  0.000000
$EndPAD
$PAD "12"
Shape Circle Layer both
position  0.000000 27.940000  size  2.000000  2.000000  orientation 0.00
drill  1.000000
shape_offset  0.000000  0.000000
$EndPAD
$PAD "13"
Shape Circle Layer both
position  0.000000 30.480000  size  2.000000  2.000000  orientation 0.00
drill  1.000000
shape_offset  0.000000  0.000000
$EndPAD
$PAD "14"
Shape Circle Layer both
position  0.000000 33.020000  size  2.000000  2.000000  orientation 0.00
drill  1.000000
shape_offset  0.000000  0.000000
$EndPAD
$PAD "15"
Shape Circle Layer both
position  0.000000 35.560000  size  2.000000  2.000000  orientation 0.00
drill  1.000000
shape_offset  0.000000  0.000000
$EndPAD
$PAD "16"
Shape Circle Layer both
position  0.000000 38.100000  size  2.000000  2.000000  orientation 0.00
drill  1.000000
shape_offset  0.000000  0.000000
$EndPAD
$EndMODULE  J1

$MODULE J2
footprint Connector_PinSocket_2.54mm:PinSocket_1x16_P2.54mm_Vertical
attribut none
position 169.680000 116.000000  orientation 90.00
layer front
$PAD "1"
Shape Rect Layer both
position  0.000000  0.000000  size  2.000000  2.000000  orientation 0.00
drill  1.000000
shape_offset  0.000000  0.000000
$EndPAD
$PAD "2"
Shape Circle Layer both
position  0.000000  2.540000  size  2.000000  2.000000  orientation 0.00
drill  1.000000
shape_offset  0.000000  0.000000
$EndPAD
$PAD "3"
Shape Circle Layer both
position  0.000000  5.080000  size  2.000000  2.000000  orientation 0.00
drill  1.000000
shape_offset  0.000000  0.000000
$EndPAD
$PAD "4"
Shape Circle Layer both
position  0.000000  7.620000  size  2.000000  2.000000  orientation 0.00
drill  1.000000
shape_offset  0.000000  0.000000
$EndPAD
$PAD "5"
Shape Circle Layer both
position  0.000000 10.160000  size  2.000000  2.000000  orientation 0.00
drill  1.000000
shape_offset  0.000000  0.000000
$EndPAD
$PAD "6"
Shape Circle Layer both
position  0.000000 12.700000  size  2.000000  2.000000  orientation 0.00
drill  1.000000
shape_offset  0.000000  0.000000
$EndPAD
$PAD "7"
Shape Circle Layer both
position  0.000000 15.240000  size  2.000000  2.000000  orientation 0.00
drill  1.000000
shape_offset  0.000000  0.000000
$EndPAD
$PAD "8"
Shape Circle Layer both
position  0.000000 17.780000  size  2.000000  2.000000  orientation 0.00
drill  1.000000
shape_offset  0.000000  0.000000
$EndPAD
$PAD "9"
Shape Circle Layer both
position  0.000000 20.320000  size  2.000000  2.000000  orientation 0.00
drill  1.000000
shape_offset  0.000000  0.000000
$EndPAD
$PAD "10"
Shape Circle Layer both
position  0.000000 22.860000  size  2.000000  2.000000  orientation 0.00
drill  1.000000
shape_offset  0.000000  0.000000
$EndPAD
$PAD "11"
Shape Circle Layer both
position  0.000000 25.400000  size  2.000000  2.000000  orientation 0.00
drill  1.000000
shape_offset  0.000000  0.000000
$EndPAD
$PAD "12"
Shape Circle Layer both
position  0.000000 27.940000  size  2.000000  2.000000  orientation 0.00
drill  1.000000
shape_offset  0.000000  0.000000
$EndPAD
$PAD "13"
Shape Circle Layer both
position  0.000000 30.480000  size  2.000000  2.000000  orientation 0.00
drill  1.000000
shape_offset  0.000000  0.000000
$EndPAD
$PAD "14"
Shape Circle Layer both
position  0.000000 33.020000  size  2.000000  2.000000  orientation 0.00
drill  1.000000
shape_offset  0.000000  0.000000
$EndPAD
$PAD "15"
Shape Circle Layer both
position  0.000000 35.560000  size  2.000000  2.000000  orientation 0.00
drill  1.000000
shape_offset  0.000000  0.000000
$EndPAD
$PAD "16"
Shape Circle Layer both
position  0.000000 38.100000  size  2.000000  2.000000  orientation 0.00
drill  1.000000
shape_offset  0.000000  0.000000
$EndPAD
$EndMODULE  J2

$MODULE J3
footprint Connector_PinHeader_2.54mm:PinHeader_1x03_P2.54mm_Vertical
attribut none
position 201.000000 103.000000  orientation 0.00
layer front
$PAD "1"
Shape Rect Layer both
position  0.000000  0.000000  size  2.000000  2.000000  orientation 0.00
drill  1.000000
shape_offset  0.000000  0.000000
$EndPAD
$PAD "2"
Shape Circle Layer both
position  0.000000  2.540000  size  2.000000  2.000000  orientation 0.00
drill  1.000000
shape_offset  0.000000  0.000000
$EndPAD
$PAD "3"
Shape Circle Layer both
position  0.000000  5.080000  size  2.000000  2.000000  orientation 0.00
drill  1.000000
shape_offset  0.000000  0.000000
$EndPAD
$EndMODULE  J3

$MODULE J4
footprint Connector_PinHeader_2.54mm:PinHeader_1x03_P2.54mm_Vertical
attribut none
position 206.000000 103.000000  orientation 0.00
layer front
$PAD "1"
Shape Rect Layer both
position  0.000000  0.000000  size  2.000000  2.000000  orientation 0.00
drill  1.000000
shape_offset  0.000000  0.000000
$EndPAD
$PAD "2"
Shape Circle Layer both
position  0.000000  2.540000  size  2.000000  2.000000  orientation 0.00
drill  1.000000
shape_offset  0.000000  0.000000
$EndPAD
$PAD "3"
Shape Circle Layer both
position  0.000000  5.080000  size  2.000000  2.000000  orientation 0.00
drill  1.000000
shape_offset  0.000000  0.000000
$EndPAD
$EndMODULE  J4

$MODULE J5
footprint Connector_PinSocket_2.54mm:PinSocket_1x05_P2.54mm_Vertical
attribut none
position 154.450000 126.500000  orientation 90.00
layer front
$PAD "1"
Shape Rect Layer both
position  0.000000  0.000000  size  2.000000  2.000000  orientation 0.00
drill  1.000000
shape_offset  0.000000  0.000000
$EndPAD
$PAD "2"
Shape Circle Layer both
position  0.000000  2.540000  size  2.000000  2.000000  orientation 0.00
drill  1.000000
shape_offset  0.000000  0.000000
$EndPAD
$PAD "3"
Shape Circle Layer both
position  0.000000  5.080000  size  2.000000  2.000000  orientation 0.00
drill  1.000000
shape_offset  0.000000  0.000000
$EndPAD
$PAD "4"
Shape Circle Layer both
position  0.000000  7.620000  size  2.000000  2.000000  orientation 0.00
drill  1.000000
shape_offset  0.000000  0.000000
$EndPAD
$PAD "5"
Shape Circle Layer both
position  0.000000 10.160000  size  2.000000  2.000000  orientation 0.00
drill  1.000000
shape_offset  0.000000  0.000000
$EndPAD
$EndMODULE  J5

$MODULE J6
footprint Connector_PinHeader_2.54mm:PinHeader_1x03_P2.54mm_Vertical
attribut none
position 193.500000 103.000000  orientation 0.00
layer front
$PAD "1"
Shape Rect Layer both
position  0.000000  0.000000  size  2.000000  2.000000  orientation 0.00
drill  1.000000
shape_offset  0.000000  0.000000
$EndPAD
$PAD "2"
Shape Circle Layer both
position  0.000000  2.540000  size  2.000000  2.000000  orientation 0.00
drill  1.000000
shape_offset  0.000000  0.000000
$EndPAD
$PAD "3"
Shape Circle Layer both
position  0.000000  5.080000  size  2.000000  2.000000  orientation 0.00
drill  1.000000
shape_offset  0.000000  0.000000
$EndPAD
$EndMODULE  J6

$MODULE J7
footprint Connector_PinHeader_2.54mm:PinHeader_1x03_P2.54mm_Vertical
attribut none
position 184.000000 103.000000  orientation 0.00
layer front
$PAD "1"
Shape Rect Layer both
position  0.000000  0.000000  size  2.000000  2.000000  orientation 0.00
drill  1.000000
shape_offset  0.000000  0.000000
$EndPAD
$PAD "2"
Shape Circle Layer both
position  0.000000  2.540000  size  2.000000  2.000000  orientation 0.00
drill  1.000000
shape_offset  0.000000  0.000000
$EndPAD
$PAD "3"
Shape Circle Layer both
position  0.000000  5.080000  size  2.000000  2.000000  orientation 0.00
drill  1.000000
shape_offset  0.000000  0.000000
$EndPAD
$EndMODULE  J7

$MODULE J8
footprint Connector_PinSocket_2.54mm:PinSocket_1x04_P2.54mm_Vertical
attribut none
position 154.460000 118.000000  orientation 90.00
layer front
$PAD "1"
Shape Rect Layer both
position  0.000000  0.000000  size  2.000000  2.000000  orientation 0.00
drill  1.000000
shape_offset  0.000000  0.000000
$EndPAD
$PAD "2"
Shape Circle Layer both
position  0.000000  2.540000  size  2.000000  2.000000  orientation 0.00
drill  1.000000
shape_offset  0.000000  0.000000
$EndPAD
$PAD "3"
Shape Circle Layer both
position  0.000000  5.080000  size  2.000000  2.000000  orientation 0.00
drill  1.000000
shape_offset  0.000000  0.000000
$EndPAD
$PAD "4"
Shape Circle Layer both
position  0.000000  7.620000  size  2.000000  2.000000  orientation 0.00
drill  1.000000
shape_offset  0.000000  0.000000
$EndPAD
$EndMODULE  J8

$MODULE J9
footprint TerminalBlock_Phoenix:TerminalBlock_Phoenix_PT-1,5-2-5.0-H_1x02_P5.00mm_Horizontal
attribut none
position 142.000000 47.000000  orientation 180.00
layer front
$PAD "1"
Shape Rect Layer both
position  0.000000  0.000000  size  2.600000  2.600000  orientation 0.00
drill  1.300000
shape_offset  0.000000  0.000000
$EndPAD
$PAD "2"
Shape Circle Layer both
position  5.000000  0.000000  size  2.600000  2.600000  orientation 0.00
drill  1.300000
shape_offset  0.000000  0.000000
$EndPAD
$EndMODULE  J9

$MODULE J10
footprint Connector_BarrelJack:BarrelJack_Horizontal
attribut none
position 131.000000 48.000000  orientation 0.00
layer front
$PAD "1"
Shape Rect Layer both
position  0.000000  0.000000  size  3.500000  3.500000  orientation 0.00
drill  1.000000
shape_offset  0.000000  0.000000
$EndPAD
$PAD "2"
Shape Roundrect Layer both
position -6.000000  0.000000  size  3.000000  3.500000  orientation 0.00
drill  1.000000
shape_offset  0.000000  0.000000
$EndPAD
$PAD "3"
Shape Roundrect Layer both
position -3.000000  4.700000  size  3.500000  3.500000  orientation 0.00
drill  2.800000
shape_offset  0.000000  0.000000
$EndPAD
$EndMODULE  J10

$MODULE J11
footprint Connector_PinHeader_2.54mm:PinHeader_1x04_P2.54mm_Vertical
attribut none
position 211.250000 52.250000  orientation 180.00
layer front
$PAD "1"
Shape Rect Layer both
position  0.000000  0.000000  size  2.000000  2.000000  orientation 0.00
drill  1.000000
shape_offset  0.000000  0.000000
$EndPAD
$PAD "2"
Shape Circle Layer both
position  0.000000  2.540000  size  2.000000  2.000000  orientation 0.00
drill  1.000000
shape_offset  0.000000  0.000000
$EndPAD
$PAD "3"
Shape Circle Layer both
position  0.000000  5.080000  size  2.000000  2.000000  orientation 0.00
drill  1.000000
shape_offset  0.000000  0.000000
$EndPAD
$PAD "4"
Shape Circle Layer both
position  0.000000  7.620000  size  2.000000  2.000000  orientation 0.00
drill  1.000000
shape_offset  0.000000  0.000000
$EndPAD
$EndMODULE  J11

$MODULE Q1
footprint Package_TO_SOT_THT:TO-126-3_Vertical
attribut none
position 189.960000 46.500000  orientation 0.00
layer front
$PAD "1"
Shape Rect Layer both
position  0.000000  0.000000  size  2.000000  2.000000  orientation 0.00
drill  1.000000
shape_offset  0.000000  0.000000
$EndPAD
$PAD "2"
Shape Oval Layer both
position  2.540000  0.000000  size  2.000000  2.000000  orientation 0.00
drill  1.000000
shape_offset  0.000000  0.000000
$EndPAD
$PAD "3"
Shape Circle Layer both
position  5.080000  0.000000  size  2.000000  2.000000  orientation 0.00
drill  1.000000
shape_offset  0.000000  0.000000
$EndPAD
$EndMODULE  Q1

$MODULE Q2
footprint Package_TO_SOT_THT:TO-92_Wide
attribut none
position 188.460000 53.250000  orientation 0.00
layer front
$PAD "1"
Shape Rect Layer both
position  0.000000  0.000000  size  2.000000  2.000000  orientation 0.00
drill  0.800000
shape_offset  0.000000  0.000000
$EndPAD
$PAD "2"
Shape Circle Layer both
position  2.540000 -2.540000  size  2.000000  2.000000  orientation 0.00
drill  0.800000
shape_offset  0.000000  0.000000
$EndPAD
$PAD "3"
Shape Circle Layer both
position  5.080000  0.000000  size  2.000000  2.000000  orientation 0.00
drill  0.800000
shape_offset  0.000000  0.000000
$EndPAD
$EndMODULE  Q2

$MODULE R1
footprint Resistor_THT:R_Axial_DIN0207_L6.3mm_D2.5mm_P10.16mm_Horizontal
attribut none
position 127.250000 117.170000  orientation -90.00
layer front
$PAD "1"
Shape Circle Layer both
position  0.000000  0.000000  size  2.000000  2.000000  orientation 360.00
drill  0.800000
shape_offset  0.000000  0.000000
$EndPAD
$PAD "2"
Shape Circle Layer both
position 10.160000  0.000000  size  2.000000  2.000000  orientation 360.00
drill  0.800000
shape_offset  0.000000  0.000000
$EndPAD
$EndMODULE  R1

$MODULE R2
footprint Resistor_THT:R_Axial_DIN0207_L6.3mm_D2.5mm_P10.16mm_Horizontal
attribut none
position 120.750000 127.080000  orientation 90.00
layer front
$PAD "1"
Shape Circle Layer both
position  0.000000  0.000000  size  2.000000  2.000000  orientation 0.00
drill  0.800000
shape_offset  0.000000  0.000000
$EndPAD
$PAD "2"
Shape Circle Layer both
position 10.160000  0.000000  size  2.000000  2.000000  orientation 0.00
drill  0.800000
shape_offset  0.000000  0.000000
$EndPAD
$EndMODULE  R2

$MODULE R3
footprint Resistor_THT:R_Axial_DIN0207_L6.3mm_D2.5mm_P10.16mm_Horizontal
attribut none
position 132.750000 117.170000  orientation -90.00
layer front
$PAD "1"
Shape Circle Layer both
position  0.000000  0.000000  size  2.000000  2.000000  orientation 360.00
drill  0.800000
shape_offset  0.000000  0.000000
$EndPAD
$PAD "2"
Shape Circle Layer both
position 10.160000  0.000000  size  2.000000  2.000000  orientation 360.00
drill  0.800000
shape_offset  0.000000  0.000000
$EndPAD
$EndMODULE  R3

$MODULE R4
footprint Resistor_THT:R_Axial_DIN0207_L6.3mm_D2.5mm_P10.16mm_Horizontal
attribut none
position 139.250000 117.170000  orientation -90.00
layer front
$PAD "1"
Shape Circle Layer both
position  0.000000  0.000000  size  2.000000  2.000000  orientation 360.00
drill  0.800000
shape_offset  0.000000  0.000000
$EndPAD
$PAD "2"
Shape Circle Layer both
position 10.160000  0.000000  size  2.000000  2.000000  orientation 360.00
drill  0.800000
shape_offset  0.000000  0.000000
$EndPAD
$EndMODULE  R4

$MODULE R5
footprint Resistor_THT:R_Axial_DIN0207_L6.3mm_D2.5mm_P10.16mm_Horizontal
attribut none
position 197.920000 122.000000  orientation 0.00
layer front
$PAD "1"
Shape Circle Layer both
position  0.000000  0.000000  size  2.000000  2.000000  orientation 0.00
drill  0.800000
shape_offset  0.000000  0.000000
$EndPAD
$PAD "2"
Shape Circle Layer both
position 10.160000  0.000000  size  2.000000  2.000000  orientation 0.00
drill  0.800000
shape_offset  0.000000  0.000000
$EndPAD
$EndMODULE  R5

$MODULE R6
footprint Resistor_THT:R_Axial_DIN0207_L6.3mm_D2.5mm_P10.16mm_Horizontal
attribut none
position 144.500000 117.170000  orientation -90.00
layer front
$PAD "1"
Shape Circle Layer both
position  0.000000  0.000000  size  2.000000  2.000000  orientation 360.00
drill  0.800000
shape_offset  0.000000  0.000000
$EndPAD
$PAD "2"
Shape Circle Layer both
position 10.160000  0.000000  size  2.000000  2.000000  orientation 360.00
drill  0.800000
shape_offset  0.000000  0.000000
$EndPAD
$EndMODULE  R6

$MODULE R7
footprint Resistor_THT:R_Axial_DIN0207_L6.3mm_D2.5mm_P10.16mm_Horizontal
attribut none
position 208.000000 85.000000  orientation 180.00
layer front
$PAD "1"
Shape Circle Layer both
position  0.000000  0.000000  size  2.000000  2.000000  orientation 0.00
drill  0.800000
shape_offset  0.000000  0.000000
$EndPAD
$PAD "2"
Shape Circle Layer both
position 10.160000  0.000000  size  2.000000  2.000000  orientation 0.00
drill  0.800000
shape_offset  0.000000  0.000000
$EndPAD
$EndMODULE  R7

$MODULE R8
footprint Resistor_THT:R_Axial_DIN0207_L6.3mm_D2.5mm_P10.16mm_Horizontal
attribut none
position 175.000000 123.840000  orientation -90.00
layer front
$PAD "1"
Shape Circle Layer both
position  0.000000  0.000000  size  2.000000  2.000000  orientation 360.00
drill  0.800000
shape_offset  0.000000  0.000000
$EndPAD
$PAD "2"
Shape Circle Layer both
position 10.160000  0.000000  size  2.000000  2.000000  orientation 360.00
drill  0.800000
shape_offset  0.000000  0.000000
$EndPAD
$EndMODULE  R8

$MODULE R9
footprint Resistor_THT:R_Axial_DIN0207_L6.3mm_D2.5mm_P10.16mm_Horizontal
attribut none
position 179.000000 134.000000  orientation 90.00
layer front
$PAD "1"
Shape Circle Layer both
position  0.000000  0.000000  size  2.000000  2.000000  orientation 0.00
drill  0.800000
shape_offset  0.000000  0.000000
$EndPAD
$PAD "2"
Shape Circle Layer both
position 10.160000  0.000000  size  2.000000  2.000000  orientation 0.00
drill  0.800000
shape_offset  0.000000  0.000000
$EndPAD
$EndMODULE  R9

$MODULE R10
footprint Resistor_THT:R_Axial_DIN0207_L6.3mm_D2.5mm_P10.16mm_Horizontal
attribut none
position 194.000000 123.840000  orientation -90.00
layer front
$PAD "1"
Shape Circle Layer both
position  0.000000  0.000000  size  2.000000  2.000000  orientation 360.00
drill  0.800000
shape_offset  0.000000  0.000000
$EndPAD
$PAD "2"
Shape Circle Layer both
position 10.160000  0.000000  size  2.000000  2.000000  orientation 360.00
drill  0.800000
shape_offset  0.000000  0.000000
$EndPAD
$EndMODULE  R10

$MODULE R11
footprint Resistor_THT:R_Axial_DIN0207_L6.3mm_D2.5mm_P10.16mm_Horizontal
attribut none
position 189.000000 134.000000  orientation 90.00
layer front
$PAD "1"
Shape Circle Layer both
position  0.000000  0.000000  size  2.000000  2.000000  orientation 0.00
drill  0.800000
shape_offset  0.000000  0.000000
$EndPAD
$PAD "2"
Shape Circle Layer both
position 10.160000  0.000000  size  2.000000  2.000000  orientation 0.00
drill  0.800000
shape_offset  0.000000  0.000000
$EndPAD
$EndMODULE  R11

$MODULE R12
footprint Resistor_THT:R_Axial_DIN0207_L6.3mm_D2.5mm_P10.16mm_Horizontal
attribut none
position 189.000000 93.500000  orientation -90.00
layer front
$PAD "1"
Shape Circle Layer both
position  0.000000  0.000000  size  2.000000  2.000000  orientation 360.00
drill  0.800000
shape_offset  0.000000  0.000000
$EndPAD
$PAD "2"
Shape Circle Layer both
position 10.160000  0.000000  size  2.000000  2.000000  orientation 360.00
drill  0.800000
shape_offset  0.000000  0.000000
$EndPAD
$EndMODULE  R12

$MODULE R13
footprint Resistor_THT:R_Axial_DIN0207_L6.3mm_D2.5mm_P10.16mm_Horizontal
attribut none
position 179.000000 93.500000  orientation -90.00
layer front
$PAD "1"
Shape Circle Layer both
position  0.000000  0.000000  size  2.000000  2.000000  orientation 360.00
drill  0.800000
shape_offset  0.000000  0.000000
$EndPAD
$PAD "2"
Shape Circle Layer both
position 10.160000  0.000000  size  2.000000  2.000000  orientation 360.00
drill  0.800000
shape_offset  0.000000  0.000000
$EndPAD
$EndMODULE  R13

$MODULE R14
footprint Resistor_THT:R_Axial_DIN0614_L14.3mm_D5.7mm_P25.40mm_Horizontal
attribut none
position 178.750000 50.000000  orientation 180.00
layer front
$PAD "1"
Shape Circle Layer both
position  0.000000  0.000000  size  2.800000  2.800000  orientation 0.00
drill  1.400000
shape_offset  0.000000  0.000000
$EndPAD
$PAD "2"
Shape Oval Layer both
position 25.400000  0.000000  size  2.800000  2.800000  orientation 0.00
drill  1.400000
shape_offset  0.000000  0.000000
$EndPAD
$EndMODULE  R14

$MODULE R15
footprint Resistor_THT:R_Axial_DIN0309_L9.0mm_D3.2mm_P15.24mm_Horizontal
attribut none
position 189.380000 60.000000  orientation 0.00
layer front
$PAD "1"
Shape Circle Layer both
position  0.000000  0.000000  size  2.000000  2.000000  orientation 0.00
drill  0.800000
shape_offset  0.000000  0.000000
$EndPAD
$PAD "2"
Shape Circle Layer both
position 15.240000  0.000000  size  2.000000  2.000000  orientation 0.00
drill  0.800000
shape_offset  0.000000  0.000000
$EndPAD
$EndMODULE  R15

$MODULE R16
footprint Resistor_THT:R_Axial_DIN0207_L6.3mm_D2.5mm_P10.16mm_Horizontal
attribut none
position 204.920000 56.000000  orientation 0.00
layer front
$PAD "1"
Shape Circle Layer both
position  0.000000  0.000000  size  1.600000  1.600000  orientation 0.00
drill  0.800000
shape_offset  0.000000  0.000000
$EndPAD
$PAD "2"
Shape Oval Layer both
position 10.160000  0.000000  size  1.600000  1.600000  orientation 0.00
drill  0.800000
shape_offset  0.000000  0.000000
$EndPAD
$EndMODULE  R16

$MODULE RV1
footprint Potentiometer_THT:Potentiometer_Bourns_3266Y_Vertical
attribut none
position 203.525000 134.925000  orientation 0.00
layer front
$PAD "1"
Shape Circle Layer both
position  0.000000  0.000000  size  1.600000  1.600000  orientation 0.00
drill  0.800000
shape_offset  0.000000  0.000000
$EndPAD
$PAD "2"
Shape Circle Layer both
position -2.540000  0.000000  size  1.600000  1.600000  orientation 0.00
drill  0.800000
shape_offset  0.000000  0.000000
$EndPAD
$PAD "3"
Shape Circle Layer both
position -5.080000  0.000000  size  1.600000  1.600000  orientation 0.00
drill  0.800000
shape_offset  0.000000  0.000000
$EndPAD
$EndMODULE  RV1

$MODULE SW1
footprint Button_Switch_THT:SW_PUSH_6mm_H8mm
attribut none
position 127.250000 136.250000  orientation 180.00
layer front
$PAD "1"
Shape Circle Layer both
position  6.500000  0.000000  size  2.500000  2.500000  orientation 90.00
drill  1.100000
shape_offset  0.000000  0.000000
$EndPAD
$PAD "1"
Shape Circle Layer both
position  0.000000  0.000000  size  2.500000  2.500000  orientation 90.00
drill  1.100000
shape_offset  0.000000  0.000000
$EndPAD
$PAD "2"
Shape Circle Layer both
position  6.500000  4.500000  size  2.500000  2.500000  orientation 90.00
drill  1.100000
shape_offset  0.000000  0.000000
$EndPAD
$PAD "2"
Shape Circle Layer both
position  0.000000  4.500000  size  2.500000  2.500000  orientation 90.00
drill  1.100000
shape_offset  0.000000  0.000000
$EndPAD
$EndMODULE  SW1

$MODULE SW2
footprint Button_Switch_THT:SW_PUSH_6mm_H8mm
attribut none
position 139.250000 136.250000  orientation 180.00
layer front
$PAD "1"
Shape Circle Layer both
position  6.500000  0.000000  size  2.500000  2.500000  orientation 90.00
drill  1.100000
shape_offset  0.000000  0.000000
$EndPAD
$PAD "1"
Shape Circle Layer both
position  0.000000  0.000000  size  2.500000  2.500000  orientation 90.00
drill  1.100000
shape_offset  0.000000  0.000000
$EndPAD
$PAD "2"
Shape Circle Layer both
position  6.500000  4.500000  size  2.500000  2.500000  orientation 90.00
drill  1.100000
shape_offset  0.000000  0.000000
$EndPAD
$PAD "2"
Shape Circle Layer both
position  0.000000  4.500000  size  2.500000  2.500000  orientation 90.00
drill  1.100000
shape_offset  0.000000  0.000000
$EndPAD
$EndMODULE  SW2

$MODULE SW3
footprint Button_Switch_THT:SW_PUSH_6mm_H8mm
attribut none
position 151.250000 136.250000  orientation 180.00
layer front
$PAD "1"
Shape Circle Layer both
position  6.500000  0.000000  size  2.500000  2.500000  orientation 90.00
drill  1.100000
shape_offset  0.000000  0.000000
$EndPAD
$PAD "1"
Shape Circle Layer both
position  0.000000  0.000000  size  2.500000  2.500000  orientation 90.00
drill  1.100000
shape_offset  0.000000  0.000000
$EndPAD
$PAD "2"
Shape Circle Layer both
position  6.500000  4.500000  size  2.500000  2.500000  orientation 90.00
drill  1.100000
shape_offset  0.000000  0.000000
$EndPAD
$PAD "2"
Shape Circle Layer both
position  0.000000  4.500000  size  2.500000  2.500000  orientation 90.00
drill  1.100000
shape_offset  0.000000  0.000000
$EndPAD
$EndMODULE  SW3

$MODULE SW4
footprint Button_Switch_THT:SW_PUSH_6mm_H8mm
attribut none
position 163.250000 136.250000  orientation 180.00
layer front
$PAD "1"
Shape Circle Layer both
position  6.500000  0.000000  size  2.500000  2.500000  orientation 90.00
drill  1.100000
shape_offset  0.000000  0.000000
$EndPAD
$PAD "1"
Shape Circle Layer both
position  0.000000  0.000000  size  2.500000  2.500000  orientation 90.00
drill  1.100000
shape_offset  0.000000  0.000000
$EndPAD
$PAD "2"
Shape Circle Layer both
position  6.500000  4.500000  size  2.500000  2.500000  orientation 90.00
drill  1.100000
shape_offset  0.000000  0.000000
$EndPAD
$PAD "2"
Shape Circle Layer both
position  0.000000  4.500000  size  2.500000  2.500000  orientation 90.00
drill  1.100000
shape_offset  0.000000  0.000000
$EndPAD
$EndMODULE  SW4

$MODULE SW5
footprint Button_Switch_THT:SW_DIP_SPSTx01_Slide_9.78x4.72mm_W7.62mm_P2.54mm
attribut none
position 148.000000 44.000000  orientation 0.00
layer front
$PAD "1"
Shape Rect Layer both
position  0.000000  0.000000  size  1.600000  1.600000  orientation 0.00
drill  0.800000
shape_offset  0.000000  0.000000
$EndPAD
$PAD "2"
Shape Oval Layer both
position  7.620000  0.000000  size  1.600000  1.600000  orientation 0.00
drill  0.800000
shape_offset  0.000000  0.000000
$EndPAD
$EndMODULE  SW5

$EndDESCRIPTION
